<?xml version="1.0" encoding="UTF-8"?>
<!-- Generated by org.testng.reporters.JUnitXMLReporter -->
<testsuite ignored="0" hostname="Prakash_Muthu" failures="0" tests="3" name="Default test" time="2.773" errors="0" timestamp="2024-01-25T11:29:08 IST">
  <testcase classname="testcases.homepage_test" name="navigate_to_registerPage" time="0.754"/>
  <testcase classname="testcases.homepage_test" name="enter_valid_credentials_registerPage" time="1.06"/>
  <testcase classname="testcases.homepage_test" name="without_enter_clicking_register" time="0.742"/>
</testsuite> <!-- Default test -->
